*** Using Compiler 'V5.06 update 7 (build 960)', folder: 'E:\Program Files_3\Keil_v5\ARM\ARMCC\Bin'
Build target 'onecar1.0'
Note: source file '..\Core\Src\user_serial.c' - object file renamed from 'onecar1.0\user_serial.o' to 'onecar1.0\user_serial_1.o'.compiling user_autogo.c...
..\Core\Src\user_autogo.c(56): error:  #117: non-void function "find_way"  should return a value
              return;
..\Core\Src\user_autogo.c(66): error:  #117: non-void function "find_way"  should return a value
      return;
..\Core\Src\user_autogo.c: 0 warnings, 2 errors
compiling main.c...
"onecar1.0\onecar1.0" - 2 Error(s), 0 Warning(s).
Target not created.
Build Time Elapsed:  00:00:03
